<?xml version="1.0" encoding="UTF-8"?>
<!-- Generated by org.testng.reporters.JUnitXMLReporter -->
<testsuite hostname="lenovo-PC" ignored="0" name="Test" tests="4" failures="0" timestamp="23 יול 2017 10:09:13 GMT" time="124.297" errors="0">
  <testcase name="testCase1" time="4.719" classname="com.hot.tests.SanityTC"/>
  <testcase name="testCase1" time="17.5" classname="com.hot.tests.RegressionTC"/>
  <testcase name="testCase2" time="0.464" classname="com.hot.tests.SanityTC"/>
  <testcase name="testCase2" time="0.306" classname="com.hot.tests.RegressionTC"/>
</testsuite> <!-- Test -->
