<?xml version="1.0" encoding="UTF-8"?>
<testng-results skipped="0" failed="0" ignored="2" total="4" passed="2">
  <reporter-output>
  </reporter-output>
  <suite name="Regression TestSuite" duration-ms="40" started-at="2017-07-25T20:55:55Z" finished-at="2017-07-25T20:55:55Z">
    <groups>
      <group name="bikes">
        <method signature="TestNG_Grouping.testHondaCBR()[pri:0, instance:com.hot.testng_example.TestNG_Grouping@ae45eb6]" name="testHondaCBR" class="com.hot.testng_example.TestNG_Grouping"/>
        <method signature="TestNG_Grouping.testNinja()[pri:0, instance:com.hot.testng_example.TestNG_Grouping@ae45eb6]" name="testNinja" class="com.hot.testng_example.TestNG_Grouping"/>
      </group> <!-- bikes -->
    </groups>
    <test name="GroupsDemo" duration-ms="40" started-at="2017-07-25T20:55:55Z" finished-at="2017-07-25T20:55:55Z">
      <class name="com.hot.testng_example.TestNG_Grouping">
        <test-method status="PASS" signature="beforeClass()[pri:0, instance:com.hot.testng_example.TestNG_Grouping@ae45eb6]" name="beforeClass" is-config="true" duration-ms="10" started-at="2017-07-25T23:55:55Z" finished-at="2017-07-25T23:55:55Z">
          <reporter-output>
          </reporter-output>
        </test-method> <!-- beforeClass -->
        <test-method status="PASS" signature="testHondaCBR()[pri:0, instance:com.hot.testng_example.TestNG_Grouping@ae45eb6]" name="testHondaCBR" duration-ms="0" started-at="2017-07-25T23:55:55Z" finished-at="2017-07-25T23:55:55Z">
          <reporter-output>
          </reporter-output>
        </test-method> <!-- testHondaCBR -->
        <test-method status="PASS" signature="testNinja()[pri:0, instance:com.hot.testng_example.TestNG_Grouping@ae45eb6]" name="testNinja" duration-ms="0" started-at="2017-07-25T23:55:55Z" finished-at="2017-07-25T23:55:55Z">
          <reporter-output>
          </reporter-output>
        </test-method> <!-- testNinja -->
        <test-method status="PASS" signature="afterClass()[pri:0, instance:com.hot.testng_example.TestNG_Grouping@ae45eb6]" name="afterClass" is-config="true" duration-ms="0" started-at="2017-07-25T23:55:55Z" finished-at="2017-07-25T23:55:55Z">
          <reporter-output>
          </reporter-output>
        </test-method> <!-- afterClass -->
      </class> <!-- com.hot.testng_example.TestNG_Grouping -->
    </test> <!-- GroupsDemo -->
  </suite> <!-- Regression TestSuite -->
</testng-results>
